2019-07-08 09:58:24.291  INFO   --- [AWT-EventQueue-0] c.s.basestation2.BaseStation2App         : basePath: /opt/StayPrime/BaseStation/
2019-07-08 09:58:24.473 DEBUG   --- [AWT-EventQueue-0] c.s.b.i.ApplicationInstanceManager       : Listening for application instances on socket 44331
2019-07-08 09:58:24.474  INFO   --- [AWT-EventQueue-0] com.stayprime.util.ClassUtilities        : StayPrime BaseStation Application
2019-07-08 09:58:24.476  INFO   --- [AWT-EventQueue-0] com.stayprime.util.ClassUtilities        : Version: null  built: null
2019-07-08 09:58:24.476  INFO   --- [AWT-EventQueue-0] c.s.basestation2.BaseStation2App         : System Startup time: Mon Jul 08 09:58:23 IST 2019
2019-07-08 09:58:24.477  INFO   --- [AWT-EventQueue-0] c.s.basestation2.BaseStation2App         : Desktop session env variable: ubuntu
2019-07-08 09:58:39.537  WARN   --- [AWT-EventQueue-0] c.s.b.ui.modules.CartUpdatePanel         : org.apache.commons.configuration.ConfigurationException: Cannot locate configuration source update.properties
2019-07-08 09:58:46.258  INFO 13162 --- [pool-1-thread-1] o.s.boot.SpringApplication               : Starting application on stayprime-Aspire-V5-573G with PID 13162 (/home/stayprime/.gradle/caches/modules-2/files-2.1/org.springframework.boot/spring-boot/1.3.6.RELEASE/535e6024988998f891f1f9df403e804c093df06b/spring-boot-1.3.6.RELEASE.jar started by stayprime in /netbeansBaseStation/stayprime-basestation)
2019-07-08 09:58:46.259  INFO 13162 --- [pool-1-thread-1] o.s.boot.SpringApplication               : No active profile set, falling back to default profiles: default
2019-07-08 09:58:47.295  INFO 13162 --- [pool-1-thread-1] s.c.a.AnnotationConfigApplicationContext : Refreshing org.springframework.context.annotation.AnnotationConfigApplicationContext@3bd1763e: startup date [Mon Jul 08 09:58:47 IST 2019]; root of context hierarchy
2019-07-08 09:58:53.131  INFO 13162 --- [pool-1-thread-1] f.a.AutowiredAnnotationBeanPostProcessor : JSR-330 'javax.inject.Inject' annotation found and supported for autowiring
2019-07-08 09:58:53.444  INFO 13162 --- [pool-1-thread-1] c.s.basestation2.SpringApplication       : basePath: /opt/StayPrime/BaseStation/
2019-07-08 09:58:53.761  INFO 13162 --- [pool-1-thread-1] c.s.b.config.DataSourceConfig            : Creating dataSource for db: jdbc:mysql://spgcclouddb.cwzzsl1wpj65.eu-central-1.rds.amazonaws.com:3306/sp56?zeroDateTimeBehavior=convertToNull&useLegacyDatetimeCode=false
2019-07-08 09:58:53.873  INFO 13162 --- [pool-1-thread-1] com.zaxxer.hikari.HikariDataSource       : HikariCP pool HikariPool-0 is starting.
2019-07-08 09:58:58.009 DEBUG 13162 --- [pool-1-thread-1] c.s.b.config.DataSourceConfig            : Created dataSource in 4247 ms
2019-07-08 09:59:00.251  INFO 13162 --- [pool-1-thread-1] j.LocalContainerEntityManagerFactoryBean : Building JPA container EntityManagerFactory for persistence unit 'default'
2019-07-08 09:59:08.251  INFO 13162 --- [pool-1-thread-1] o.s.j.e.a.AnnotationMBeanExporter        : Registering beans for JMX exposure on startup
2019-07-08 09:59:08.252  INFO 13162 --- [pool-1-thread-1] o.s.j.e.a.AnnotationMBeanExporter        : Bean with name 'dataSourceConfig' has been autodetected for JMX exposure
2019-07-08 09:59:08.252  INFO 13162 --- [pool-1-thread-1] o.s.j.e.a.AnnotationMBeanExporter        : Bean with name 'dataSource' has been autodetected for JMX exposure
2019-07-08 09:59:08.258  INFO 13162 --- [pool-1-thread-1] o.s.j.e.a.AnnotationMBeanExporter        : Located MBean 'dataSourceConfig': registering with JMX server as MBean [com.stayprime.basestation2.config:name=dataSourceConfig,type=DataSourceConfig]
2019-07-08 09:59:08.259  INFO 13162 --- [pool-1-thread-1] o.s.j.e.a.AnnotationMBeanExporter        : Located MBean 'dataSource': registering with JMX server as MBean [com.zaxxer.hikari:name=dataSource,type=HikariDataSource]
2019-07-08 09:59:08.281  INFO 13162 --- [pool-1-thread-1] o.s.boot.SpringApplication               : Started application in 23.697 seconds (JVM running for 53.619)
2019-07-08 09:59:08.282  INFO 13162 --- [pool-6-thread-1] c.s.basestation2.BaseStationTasks        : Updating service requests
2019-07-08 09:59:09.126  INFO 13162 --- [pool-1-thread-3] c.s.storage.services.AssetSyncService    : Syncing assets
2019-07-08 09:59:10.761  INFO 13162 --- [pool-1-thread-3] c.s.storage.services.AssetSyncService    : Checking CourseSettingsUpdated timestamp local - 1562322465042, remote - 1562322465042, delta - 0
2019-07-08 09:59:13.514  INFO 13162 --- [pool-1-thread-3] c.s.storage.services.AssetSyncService    : Checking PinsUpdated timestamp local - 1560233798538, remote - 1560233798538, delta - 0
2019-07-08 09:59:21.978 DEBUG 13162 --- [monitorTask] com.stayprime.util.EmailUtil             : Sending email: 
2019-07-08 09:59:27.203  INFO 13162 --- [monitorTask] c.s.b.reporting.CartConnectivityReport   : Email sent successfully to {reports.me@stayprime.com}
2019-07-08 09:59:59.427  INFO 13162 --- [pool-6-thread-1] c.s.basestation2.BaseStationTasks        : Updating service requests
2019-07-08 10:00:08.270  INFO 13162 --- [pool-6-thread-1] c.s.storage.services.AssetSyncService    : Syncing assets
2019-07-08 10:00:09.690  INFO 13162 --- [pool-6-thread-1] c.s.storage.services.AssetSyncService    : Checking CourseSettingsUpdated timestamp local - 1562322465042, remote - 1562322465042, delta - 0
2019-07-08 10:00:13.898  INFO 13162 --- [pool-6-thread-1] c.s.storage.services.AssetSyncService    : Checking PinsUpdated timestamp local - 1560233798538, remote - 1560233798538, delta - 0
2019-07-08 10:00:22.221  INFO 13162 --- [pool-6-thread-1] c.s.basestation2.BaseStationTasks        : Updating service requests
2019-07-08 10:00:38.238  INFO 13162 --- [pool-6-thread-1] c.s.basestation2.BaseStationTasks        : Updating service requests
2019-07-08 10:00:41.209  INFO 13162 --- [pool-6-thread-1] c.s.storage.services.AssetSyncService    : Syncing assets
2019-07-08 10:00:42.600  INFO 13162 --- [pool-6-thread-1] c.s.storage.services.AssetSyncService    : Checking CourseSettingsUpdated timestamp local - 1562322465042, remote - 1562322465042, delta - 0
2019-07-08 10:00:45.063  INFO 13162 --- [pool-6-thread-1] c.s.storage.services.AssetSyncService    : Checking PinsUpdated timestamp local - 1560233798538, remote - 1560233798538, delta - 0
2019-07-08 10:00:48.209  INFO 13162 --- [pool-6-thread-1] c.s.basestation2.BaseStationTasks        : Updating service requests
2019-07-08 10:00:57.854  INFO 13162 --- [pool-6-thread-1] c.s.basestation2.BaseStationTasks        : Updating service requests
2019-07-08 10:01:13.016  INFO 13162 --- [pool-6-thread-1] c.s.basestation2.BaseStationTasks        : Updating service requests
2019-07-08 10:01:24.816  INFO 13162 --- [pool-6-thread-1] c.s.storage.services.AssetSyncService    : Syncing assets
2019-07-08 10:01:26.145  INFO 13162 --- [pool-6-thread-1] c.s.storage.services.AssetSyncService    : Checking CourseSettingsUpdated timestamp local - 1562322465042, remote - 1562322465042, delta - 0
2019-07-08 10:01:28.510  INFO 13162 --- [pool-6-thread-1] c.s.storage.services.AssetSyncService    : Checking PinsUpdated timestamp local - 1560233798538, remote - 1560233798538, delta - 0
2019-07-08 10:01:36.551  INFO 13162 --- [pool-6-thread-1] c.s.basestation2.BaseStationTasks        : Updating service requests
2019-07-08 10:01:46.575  INFO 13162 --- [Thread-96] s.c.a.AnnotationConfigApplicationContext : Closing org.springframework.context.annotation.AnnotationConfigApplicationContext@3bd1763e: startup date [Mon Jul 08 09:58:47 IST 2019]; root of context hierarchy
2019-07-08 10:01:46.580  INFO 13162 --- [Thread-96] o.s.j.e.a.AnnotationMBeanExporter        : Unregistering JMX-exposed beans on shutdown
2019-07-08 10:01:46.581  INFO 13162 --- [Thread-96] o.s.j.e.a.AnnotationMBeanExporter        : Unregistering JMX-exposed beans
2019-07-08 10:01:46.589  INFO 13162 --- [Thread-96] j.LocalContainerEntityManagerFactoryBean : Closing JPA EntityManagerFactory for persistence unit 'default'
2019-07-08 10:01:46.591  INFO 13162 --- [Thread-96] com.zaxxer.hikari.pool.HikariPool        : HikariCP pool HikariPool-0 is shutting down.
2019-07-08 10:01:46.599  WARN 13162 --- [pool-6-thread-1] o.h.engine.jdbc.spi.SqlExceptionHelper   : SQL Error: 0, SQLState: null
